<?xml version="1.0" encoding="UTF-8"?>
<testng-results skipped="0" failed="0" ignored="0" total="1" passed="1">
  <reporter-output>
  </reporter-output>
  <suite name="Sample Test Suite" duration-ms="1192782" started-at="2022-10-13T17:19:50 CLST" finished-at="2022-10-13T17:39:42 CLST">
    <groups>
    </groups>
    <test name="Southbridge Test Automation" duration-ms="1192782" started-at="2022-10-13T17:19:50 CLST" finished-at="2022-10-13T17:39:42 CLST">
      <class name="test.java.carritocompras.CarritoComprasTest">
        <test-method status="PASS" signature="beforeTestMethod()[pri:0, instance:test.java.carritocompras.CarritoComprasTest@12aba8be]" name="beforeTestMethod" is-config="true" duration-ms="93" started-at="2022-10-13T17:19:50 CLST" finished-at="2022-10-13T17:19:50 CLST">
          <reporter-output>
          </reporter-output>
        </test-method> <!-- beforeTestMethod -->
        <test-method status="PASS" signature="beforeMethodMethod(java.lang.String,java.lang.reflect.Method)[pri:0, instance:test.java.carritocompras.CarritoComprasTest@12aba8be]" name="beforeMethodMethod" is-config="true" duration-ms="2376" started-at="2022-10-13T17:19:50 CLST" finished-at="2022-10-13T17:19:52 CLST">
          <params>
            <param index="0">
              <value>
                <![CDATA[chrome]]>
              </value>
            </param>
            <param index="1">
              <value>
                <![CDATA[public void test.java.carritocompras.CarritoComprasTest.QAS12(java.lang.String[]) throws java.lang.InterruptedException]]>
              </value>
            </param>
          </params>
          <reporter-output>
          </reporter-output>
        </test-method> <!-- beforeMethodMethod -->
        <test-method status="PASS" signature="QAS12([Ljava.lang.String;)[pri:0, instance:test.java.carritocompras.CarritoComprasTest@12aba8be]" name="QAS12" duration-ms="1189053" started-at="2022-10-13T17:19:52 CLST" data-provider="carritoComprasData" finished-at="2022-10-13T17:39:41 CLST">
          <params>
            <param index="0">
              <value>
                <![CDATA[[Ljava.lang.String;@5477a1ca]]>
              </value>
            </param>
          </params>
          <reporter-output>
          </reporter-output>
        </test-method> <!-- QAS12 -->
        <test-method status="PASS" signature="afterMethodMethod(org.testng.ITestResult)[pri:0, instance:test.java.carritocompras.CarritoComprasTest@12aba8be]" name="afterMethodMethod" is-config="true" duration-ms="763" started-at="2022-10-13T17:39:41 CLST" finished-at="2022-10-13T17:39:42 CLST">
          <params>
            <param index="0">
              <value>
                <![CDATA[[TestResult name=QAS12 status=SUCCESS method=CarritoComprasTest.QAS12([Ljava.lang.String;)[pri:0, instance:test.java.carritocompras.CarritoComprasTest@12aba8be] output={null}]]]>
              </value>
            </param>
          </params>
          <reporter-output>
          </reporter-output>
        </test-method> <!-- afterMethodMethod -->
        <test-method status="PASS" signature="afterTestMethod()[pri:0, instance:test.java.carritocompras.CarritoComprasTest@12aba8be]" name="afterTestMethod" is-config="true" duration-ms="228" started-at="2022-10-13T17:39:42 CLST" finished-at="2022-10-13T17:39:42 CLST">
          <reporter-output>
          </reporter-output>
        </test-method> <!-- afterTestMethod -->
      </class> <!-- test.java.carritocompras.CarritoComprasTest -->
    </test> <!-- Southbridge Test Automation -->
  </suite> <!-- Sample Test Suite -->
</testng-results>
